2026-05-20 13:38:23,995 [WARNING] core.adb_manager: ADB not found at adb, falling back to system 'adb'. Error: [WinError 2] The system cannot find the file specified
2026-05-20 13:38:24,002 [INFO] core.device: Device scanner started
2026-05-20 14:00:29,014 [WARNING] core.adb_manager: ADB not found at adb, falling back to system 'adb'. Error: [WinError 2] The system cannot find the file specified
2026-05-20 14:00:29,021 [INFO] core.device: Device scanner started
2026-05-20 14:33:28,836 [WARNING] core.adb_manager: ADB not found at adb, falling back to system 'adb'. Error: [WinError 2] The system cannot find the file specified
2026-05-20 14:33:28,845 [INFO] core.device: Device scanner started
2026-05-20 14:45:01,932 [WARNING] core.adb_manager: ADB not found at adb, falling back to system 'adb'. Error: [WinError 2] The system cannot find the file specified
2026-05-20 14:45:01,942 [INFO] core.device: Device scanner started
2026-05-20 14:47:30,835 [WARNING] core.adb_manager: ADB not found at adb, checking local cache...
2026-05-20 14:47:30,835 [INFO] core.adb_manager: Downloading ADB from https://dl.google.com/android/repository/platform-tools-latest-windows.zip...
2026-05-20 14:47:31,608 [INFO] core.adb_manager: Extracting ADB...
2026-05-20 14:47:31,684 [INFO] core.adb_manager: ADB successfully downloaded and extracted to C:\Users\Kien\Desktop\AutoPhoneFarm_Py\data\adb\platform-tools\adb.exe
2026-05-20 14:47:31,694 [INFO] core.device: Device scanner started
2026-05-20 14:47:36,887 [INFO] core.device: Querying details for device in background: R5CR50N1LPT
2026-05-20 14:47:36,926 [INFO] core.device: Successfully loaded details for device: R5CR50N1LPT
2026-05-20 14:47:37,880 [INFO] core.device: Querying details for device in background: R5CR50N1LPT
2026-05-20 14:47:37,916 [INFO] core.device: Successfully loaded details for device: R5CR50N1LPT
2026-05-20 14:47:41,935 [INFO] core.device: Querying details for device in background: R5CR50N1LPT
2026-05-20 14:47:41,976 [INFO] core.device: Successfully loaded details for device: R5CR50N1LPT
2026-05-20 14:47:46,969 [INFO] core.device: Querying details for device in background: R5CR50N1LPT
2026-05-20 14:47:47,006 [INFO] core.device: Successfully loaded details for device: R5CR50N1LPT
2026-05-20 14:47:52,005 [INFO] core.device: Querying details for device in background: R5CR50N1LPT
2026-05-20 14:47:52,038 [INFO] core.device: Successfully loaded details for device: R5CR50N1LPT
2026-05-20 14:47:53,482 [INFO] core.device: Querying details for device in background: R5CR50N1LPT
2026-05-20 14:47:53,521 [INFO] core.device: Successfully loaded details for device: R5CR50N1LPT
2026-05-20 14:47:55,124 [INFO] core.device: Querying details for device in background: R5CR50N1LPT
2026-05-20 14:47:55,157 [INFO] core.device: Successfully loaded details for device: R5CR50N1LPT
2026-05-20 14:47:57,042 [INFO] core.device: Querying details for device in background: R5CR50N1LPT
2026-05-20 14:47:57,078 [INFO] core.device: Successfully loaded details for device: R5CR50N1LPT
2026-05-20 14:48:02,075 [INFO] core.device: Querying details for device in background: R5CR50N1LPT
2026-05-20 14:48:02,107 [INFO] core.device: Successfully loaded details for device: R5CR50N1LPT
2026-05-20 14:48:07,109 [INFO] core.device: Querying details for device in background: R5CR50N1LPT
2026-05-20 14:48:07,208 [INFO] core.device: Successfully loaded details for device: R5CR50N1LPT
